<?xml version="1.0" encoding="UTF-8" ?>
<testsuite 
errors="0" failures="0" hostname="bc5" name="com.ibm.gpuenabler.CUDADSFunctionSuite" tests="30" time="36.897" timestamp="2018-07-23T02:51:10">
  <properties>
[...]
</properties>
  <testcase 
  name="Ensure CUDA Function is serializable" classname="com.ibm.gpuenabler.CUDADSFunctionSuite" time="1.497">
</testcase>
  <testcase 
  name="Run count()" classname="com.ibm.gpuenabler.CUDADSFunctionSuite" time="6.615">
</testcase>
  <testcase 
  name="Run identity CUDA kernel on a single primitive array column" classname="com.ibm.gpuenabler.CUDADSFunctionSuite" time="0.449">
</testcase>
  <testcase 
  name="Run identity CUDA kernel on a single primitive array in a structure" classname="com.ibm.gpuenabler.CUDADSFunctionSuite" time="0.818">
</testcase>
  <testcase 
  name="Run add CUDA kernel with free variables on a single primitive array column" classname="com.ibm.gpuenabler.CUDADSFunctionSuite" time="0.648">
</testcase>
  <testcase 
  name="Run vectorLength CUDA kernel on 2 col -&gt; 1 col" classname="com.ibm.gpuenabler.CUDADSFunctionSuite" time="0.937">
</testcase>
  <testcase 
  name="Run plusMinus CUDA kernel on 2 col -&gt; 2 col" classname="com.ibm.gpuenabler.CUDADSFunctionSuite" time="0.921">
</testcase>
  <testcase 
  name="Run applyLinearFunction CUDA kernel on 1 col + 2 const arg -&gt; 1 col" classname="com.ibm.gpuenabler.CUDADSFunctionSuite" time="0.591">
</testcase>
  <testcase 
  name="Run blockXOR CUDA kernel on 1 col + 1 const arg -&gt; 1 col on custom dimensions" classname="com.ibm.gpuenabler.CUDADSFunctionSuite" time="0.539">
</testcase>
  <testcase 
  name="Run sum CUDA kernel on 1 col -&gt; 1 col in 2 stages" classname="com.ibm.gpuenabler.CUDADSFunctionSuite" time="0.587">
</testcase>
  <testcase 
  name="Run map on datasets - single partition" classname="com.ibm.gpuenabler.CUDADSFunctionSuite" time="0.604">
</testcase>
  <testcase 
  name="Run reduce on datasets - single partition" classname="com.ibm.gpuenabler.CUDADSFunctionSuite" time="0.568">
</testcase>
  <testcase 
  name="Run map + reduce on datasets - single partition" classname="com.ibm.gpuenabler.CUDADSFunctionSuite" time="0.603">
</testcase>
  <testcase 
  name="Run map on datasets with 100,000 elements - multiple partition" classname="com.ibm.gpuenabler.CUDADSFunctionSuite" time="0.808">
</testcase>
  <testcase 
  name="Run map + reduce on datasets - multiple partitions" classname="com.ibm.gpuenabler.CUDADSFunctionSuite" time="0.637">
</testcase>
  <testcase 
  name="Run map + reduce on datasets with 100,000,000 elements - multiple partitions" classname="com.ibm.gpuenabler.CUDADSFunctionSuite" time="8.904">
</testcase>
  <testcase 
  name="Run map + map + reduce on datasets - multiple partitions" classname="com.ibm.gpuenabler.CUDADSFunctionSuite" time="0.576">
</testcase>
  <testcase 
  name="Run map + map + map + collect on datasets" classname="com.ibm.gpuenabler.CUDADSFunctionSuite" time="0.672">
</testcase>
  <testcase 
  name="Run map + map + map + reduce on datasets - multiple partitions" classname="com.ibm.gpuenabler.CUDADSFunctionSuite" time="0.694">
</testcase>
  <testcase 
  name="Run map on dataset with a single primitive array column" classname="com.ibm.gpuenabler.CUDADSFunctionSuite" time="0.546">
</testcase>
  <testcase 
  name="Run map with free variables on dataset with a single primitive array column" classname="com.ibm.gpuenabler.CUDADSFunctionSuite" time="0.57">
</testcase>
  <testcase 
  name="Run reduce on dataset with a single primitive array column" classname="com.ibm.gpuenabler.CUDADSFunctionSuite" time="0.575">
</testcase>
  <testcase 
  name="Run map &amp; reduce on a single primitive array in a structure" classname="com.ibm.gpuenabler.CUDADSFunctionSuite" time="0.753">
</testcase>
  <testcase 
  name="Run logistic regression" classname="com.ibm.gpuenabler.CUDADSFunctionSuite" time="1.784">
</testcase>
  <testcase 
  name="Run map with Self on Dataset" classname="com.ibm.gpuenabler.CUDADSFunctionSuite" time="0.585">
</testcase>
  <testcase 
  name="CUDA GPU Cache Testcase" classname="com.ibm.gpuenabler.CUDADSFunctionSuite" time="1.121">
</testcase>
  <testcase 
  name="CUDA GPU loadGpu Testcase" classname="com.ibm.gpuenabler.CUDADSFunctionSuite" time="1.055">
</testcase>
  <testcase 
  name="Run map + map + map + reduce on datasets - Cached multiple partitions" classname="com.ibm.gpuenabler.CUDADSFunctionSuite" time="0.711">
</testcase>
  <testcase 
  name="Run map + map + map + reduce on dataset - Cached multiple partitions - GPU Only" classname="com.ibm.gpuenabler.CUDADSFunctionSuite" time="0.746">
</testcase>
  <testcase 
  name="Run matix multiplication" classname="com.ibm.gpuenabler.CUDADSFunctionSuite" time="0.738">
</testcase>
  <system-out><![CDATA[]]></system-out>
  <system-err><![CDATA[]]></system-err>
</testsuite>
