# JRE version: OpenJDK Runtime Environment (8.0_171-b11) (build 1.8.0_171-8u171-b11-0ubuntu0.16.04.1-b11)
# Java VM: OpenJDK 64-Bit Server VM (25.171-b11 mixed mode linux-aarch64 compressed oops)
Heap:
 PSYoungGen      total 375296K, used 203844K [0x00000000d5580000, 0x00000000f9000000, 0x0000000100000000)
  eden space 358912K, 56% used [0x00000000d5580000,0x00000000e1c91278,0x00000000eb400000)
  from space 16384K, 0% used [0x00000000f8000000,0x00000000f8000000,0x00000000f9000000)
  to   space 43520K, 0% used [0x00000000f3b00000,0x00000000f3b00000,0x00000000f6580000)
 ParOldGen       total 718336K, used 20038K [0x0000000080000000, 0x00000000abd80000, 0x00000000d5580000)
  object space 718336K, 2% used [0x0000000080000000,0x0000000081391898,0x00000000abd80000)
 Metaspace       used 45594K, capacity 45762K, committed 46080K, reserved 1089536K
  class space    used 6524K, capacity 6593K, committed 6656K, reserved 1048576K
GC Heap History (8 events):
Event: 3.114 GC heap before
{Heap before GC invocations=1 (full 0):
 PSYoungGen      total 305664K, used 152110K [0x00000000d5580000, 0x00000000eaa80000, 0x0000000100000000)
  eden space 262144K, 58% used [0x00000000d5580000,0x00000000dea0ba60,0x00000000e5580000)
  from space 43520K, 0% used [0x00000000e8000000,0x00000000e8000000,0x00000000eaa80000)
  to   space 43520K, 0% used [0x00000000e5580000,0x00000000e5580000,0x00000000e8000000)
 ParOldGen       total 699392K, used 0K [0x0000000080000000, 0x00000000aab00000, 0x00000000d5580000)
  object space 699392K, 0% used [0x0000000080000000,0x0000000080000000,0x00000000aab00000)
 Metaspace       used 21080K, capacity 21188K, committed 21296K, reserved 1067008K
  class space    used 2890K, capacity 2928K, committed 2944K, reserved 1048576K
Event: 3.148 GC heap after
Heap after GC invocations=1 (full 0):
 PSYoungGen      total 305664K, used 15747K [0x00000000d5580000, 0x00000000faa80000, 0x0000000100000000)
  eden space 262144K, 0% used [0x00000000d5580000,0x00000000d5580000,0x00000000e5580000)
  from space 43520K, 36% used [0x00000000e5580000,0x00000000e64e0d58,0x00000000e8000000)
  to   space 43520K, 0% used [0x00000000f8000000,0x00000000f8000000,0x00000000faa80000)
 ParOldGen       total 699392K, used 80K [0x0000000080000000, 0x00000000aab00000, 0x00000000d5580000)
  object space 699392K, 0% used [0x0000000080000000,0x0000000080014010,0x00000000aab00000)
 Metaspace       used 21080K, capacity 21188K, committed 21296K, reserved 1067008K
  class space    used 2890K, capacity 2928K, committed 2944K, reserved 1048576K
}
Event: 3.148 GC heap before
{Heap before GC invocations=2 (full 1):
 PSYoungGen      total 305664K, used 15747K [0x00000000d5580000, 0x00000000faa80000, 0x0000000100000000)
  eden space 262144K, 0% used [0x00000000d5580000,0x00000000d5580000,0x00000000e5580000)
  from space 43520K, 36% used [0x00000000e5580000,0x00000000e64e0d58,0x00000000e8000000)
  to   space 43520K, 0% used [0x00000000f8000000,0x00000000f8000000,0x00000000faa80000)
 ParOldGen       total 699392K, used 80K [0x0000000080000000, 0x00000000aab00000, 0x00000000d5580000)
  object space 699392K, 0% used [0x0000000080000000,0x0000000080014010,0x00000000aab00000)
 Metaspace       used 21080K, capacity 21188K, committed 21296K, reserved 1067008K
  class space    used 2890K, capacity 2928K, committed 2944K, reserved 1048576K
Event: 3.197 GC heap after
Heap after GC invocations=2 (full 1):
 PSYoungGen      total 305664K, used 0K [0x00000000d5580000, 0x00000000faa80000, 0x0000000100000000)
  eden space 262144K, 0% used [0x00000000d5580000,0x00000000d5580000,0x00000000e5580000)
  from space 43520K, 0% used [0x00000000e5580000,0x00000000e5580000,0x00000000e8000000)
  to   space 43520K, 0% used [0x00000000f8000000,0x00000000f8000000,0x00000000faa80000)
 ParOldGen       total 699392K, used 15076K [0x0000000080000000, 0x00000000aab00000, 0x00000000d5580000)
  object space 699392K, 2% used [0x0000000080000000,0x0000000080eb9158,0x00000000aab00000)
 Metaspace       used 21080K, capacity 21188K, committed 21296K, reserved 1067008K
  class space    used 2890K, capacity 2928K, committed 2944K, reserved 1048576K
}
Event: 6.058 GC heap before
{Heap before GC invocations=3 (full 1):
 PSYoungGen      total 305664K, used 225290K [0x00000000d5580000, 0x00000000faa80000, 0x0000000100000000)
  eden space 262144K, 85% used [0x00000000d5580000,0x00000000e3182a48,0x00000000e5580000)
  from space 43520K, 0% used [0x00000000e5580000,0x00000000e5580000,0x00000000e8000000)
  to   space 43520K, 0% used [0x00000000f8000000,0x00000000f8000000,0x00000000faa80000)
 ParOldGen       total 699392K, used 15076K [0x0000000080000000, 0x00000000aab00000, 0x00000000d5580000)
  object space 699392K, 2% used [0x0000000080000000,0x0000000080eb9158,0x00000000aab00000)
 Metaspace       used 35217K, capacity 35350K, committed 35456K, reserved 1079296K
  class space    used 4931K, capacity 4979K, committed 4992K, reserved 1048576K
Event: 6.080 GC heap after
Heap after GC invocations=3 (full 1):
 PSYoungGen      total 375296K, used 16312K [0x00000000d5580000, 0x00000000f9000000, 0x0000000100000000)
  eden space 358912K, 0% used [0x00000000d5580000,0x00000000d5580000,0x00000000eb400000)
  from space 16384K, 99% used [0x00000000f8000000,0x00000000f8fee018,0x00000000f9000000)
  to   space 43520K, 0% used [0x00000000f3b00000,0x00000000f3b00000,0x00000000f6580000)
 ParOldGen       total 699392K, used 15084K [0x0000000080000000, 0x00000000aab00000, 0x00000000d5580000)
  object space 699392K, 2% used [0x0000000080000000,0x0000000080ebb158,0x00000000aab00000)
 Metaspace       used 35217K, capacity 35350K, committed 35456K, reserved 1079296K
  class space    used 4931K, capacity 4979K, committed 4992K, reserved 1048576K
}
Event: 6.080 GC heap before
{Heap before GC invocations=4 (full 2):
 PSYoungGen      total 375296K, used 16312K [0x00000000d5580000, 0x00000000f9000000, 0x0000000100000000)
  eden space 358912K, 0% used [0x00000000d5580000,0x00000000d5580000,0x00000000eb400000)
  from space 16384K, 99% used [0x00000000f8000000,0x00000000f8fee018,0x00000000f9000000)
  to   space 43520K, 0% used [0x00000000f3b00000,0x00000000f3b00000,0x00000000f6580000)
 ParOldGen       total 699392K, used 15084K [0x0000000080000000, 0x00000000aab00000, 0x00000000d5580000)
  object space 699392K, 2% used [0x0000000080000000,0x0000000080ebb158,0x00000000aab00000)
 Metaspace       used 35217K, capacity 35350K, committed 35456K, reserved 1079296K
  class space    used 4931K, capacity 4979K, committed 4992K, reserved 1048576K
Event: 6.140 GC heap after
Heap after GC invocations=4 (full 2):
 PSYoungGen      total 375296K, used 0K [0x00000000d5580000, 0x00000000f9000000, 0x0000000100000000)
  eden space 358912K, 0% used [0x00000000d5580000,0x00000000d5580000,0x00000000eb400000)
  from space 16384K, 0% used [0x00000000f8000000,0x00000000f8000000,0x00000000f9000000)
  to   space 43520K, 0% used [0x00000000f3b00000,0x00000000f3b00000,0x00000000f6580000)
 ParOldGen       total 718336K, used 20038K [0x0000000080000000, 0x00000000abd80000, 0x00000000d5580000)
  object space 718336K, 2% used [0x0000000080000000,0x0000000081391898,0x00000000abd80000)
 Metaspace       used 35217K, capacity 35350K, committed 35456K, reserved 1079296K
  class space    used 4931K, capacity 4979K, committed 4992K, reserved 1048576K
}

